<?xml version="1.0" encoding="UTF-8"?>
<testng-results ignored="0" total="1" passed="1" failed="0" skipped="0">
  <reporter-output>
  </reporter-output>
  <suite started-at="2025-01-27T20:39:42 IST" name="Default suite" finished-at="2025-01-27T20:39:47 IST" duration-ms="4881">
    <groups>
    </groups>
    <test started-at="2025-01-27T20:39:42 IST" name="Default test" finished-at="2025-01-27T20:39:47 IST" duration-ms="4881">
      <class name="importantConcepts.Screenshot">
        <test-method is-config="true" signature="setup()[pri:0, instance:importantConcepts.Screenshot@3e694b3f]" started-at="2025-01-27T20:39:42 IST" name="setup" finished-at="2025-01-27T20:39:45 IST" duration-ms="2791" status="PASS">
          <reporter-output>
          </reporter-output>
        </test-method> <!-- setup -->
        <test-method signature="takeS()[pri:0, instance:importantConcepts.Screenshot@3e694b3f]" started-at="2025-01-27T20:39:45 IST" name="takeS" finished-at="2025-01-27T20:39:47 IST" duration-ms="2049" status="PASS">
          <reporter-output>
          </reporter-output>
        </test-method> <!-- takeS -->
        <test-method is-config="true" signature="tearDown()[pri:0, instance:importantConcepts.Screenshot@3e694b3f]" started-at="2025-01-27T20:39:47 IST" name="tearDown" finished-at="2025-01-27T20:39:47 IST" duration-ms="0" status="PASS">
          <reporter-output>
          </reporter-output>
        </test-method> <!-- tearDown -->
      </class> <!-- importantConcepts.Screenshot -->
    </test> <!-- Default test -->
  </suite> <!-- Default suite -->
</testng-results>
